<?xml version="1.0" encoding="UTF-8"?>
<!-- Generated by org.testng.reporters.JUnitXMLReporter -->
<testsuite ignored="0" hostname="LAPTOP-F5TODTHU" failures="0" tests="2" name="Primul meu test din TestNG .xml file" time="0.031" errors="0" timestamp="2022-10-11T15:34:05 EEST">
  <testcase classname="com.first.pachet.SeleniumAnnotations" name="test1" time="0.002"/>
  <testcase classname="com.first.pachet.SeleniumAnnotations" name="test2" time="0.0"/>
</testsuite> <!-- Primul meu test din TestNG .xml file -->
