<?xml version="1.0" encoding="UTF-8"?>
<testng-results ignored="0" total="2" passed="2" failed="0" skipped="0">
  <reporter-output>
  </reporter-output>
  <suite started-at="2022-10-11T15:25:13 EEST" name="Suita clasa" finished-at="2022-10-11T15:25:13 EEST" duration-ms="65">
    <groups>
      <group name="Grupul 2">
        <method signature="SeleniumAnnotations.test2()[pri:0, instance:com.first.pachet.SeleniumAnnotations@5af3afd9]" name="test2" class="com.first.pachet.SeleniumAnnotations"/>
      </group> <!-- Grupul 2 -->
      <group name="Grupul 1">
        <method signature="SeleniumAnnotations.test1()[pri:0, instance:com.first.pachet.SeleniumAnnotations@5af3afd9]" name="test1" class="com.first.pachet.SeleniumAnnotations"/>
      </group> <!-- Grupul 1 -->
    </groups>
    <test started-at="2022-10-11T15:25:13 EEST" name="Primul meu test din TestNG .xml file" finished-at="2022-10-11T15:25:13 EEST" duration-ms="34">
      <class name="com.first.pachet.SeleniumAnnotations">
        <test-method is-config="true" signature="beforeTest()[pri:0, instance:com.first.pachet.SeleniumAnnotations@5af3afd9]" started-at="2022-10-11T15:25:13 EEST" name="beforeTest" finished-at="2022-10-11T15:25:13 EEST" duration-ms="1" status="PASS">
          <reporter-output>
          </reporter-output>
        </test-method> <!-- beforeTest -->
        <test-method is-config="true" signature="beforeClass()[pri:0, instance:com.first.pachet.SeleniumAnnotations@5af3afd9]" started-at="2022-10-11T15:25:13 EEST" name="beforeClass" finished-at="2022-10-11T15:25:13 EEST" duration-ms="0" status="PASS">
          <reporter-output>
          </reporter-output>
        </test-method> <!-- beforeClass -->
        <test-method is-config="true" signature="beforeGroupClass()[pri:0, instance:com.first.pachet.SeleniumAnnotations@5af3afd9]" started-at="2022-10-11T15:25:13 EEST" name="beforeGroupClass" finished-at="2022-10-11T15:25:13 EEST" duration-ms="1" status="PASS">
          <reporter-output>
          </reporter-output>
        </test-method> <!-- beforeGroupClass -->
        <test-method is-config="true" signature="beforeGroups()[pri:0, instance:com.first.pachet.SeleniumAnnotations@5af3afd9]" started-at="2022-10-11T15:25:13 EEST" name="beforeGroups" finished-at="2022-10-11T15:25:13 EEST" duration-ms="1" status="PASS">
          <reporter-output>
          </reporter-output>
        </test-method> <!-- beforeGroups -->
        <test-method is-config="true" signature="beforeMethod()[pri:0, instance:com.first.pachet.SeleniumAnnotations@5af3afd9]" started-at="2022-10-11T15:25:13 EEST" name="beforeMethod" finished-at="2022-10-11T15:25:13 EEST" duration-ms="0" status="PASS">
          <reporter-output>
          </reporter-output>
        </test-method> <!-- beforeMethod -->
        <test-method signature="test1()[pri:0, instance:com.first.pachet.SeleniumAnnotations@5af3afd9]" started-at="2022-10-11T15:25:13 EEST" name="test1" finished-at="2022-10-11T15:25:13 EEST" duration-ms="1" status="PASS">
          <reporter-output>
          </reporter-output>
        </test-method> <!-- test1 -->
        <test-method is-config="true" signature="afterMethod()[pri:0, instance:com.first.pachet.SeleniumAnnotations@5af3afd9]" started-at="2022-10-11T15:25:13 EEST" name="afterMethod" finished-at="2022-10-11T15:25:13 EEST" duration-ms="0" status="PASS">
          <reporter-output>
          </reporter-output>
        </test-method> <!-- afterMethod -->
        <test-method is-config="true" signature="afterGroups()[pri:0, instance:com.first.pachet.SeleniumAnnotations@5af3afd9]" started-at="2022-10-11T15:25:13 EEST" name="afterGroups" finished-at="2022-10-11T15:25:13 EEST" duration-ms="0" status="PASS">
          <reporter-output>
          </reporter-output>
        </test-method> <!-- afterGroups -->
        <test-method signature="test2()[pri:0, instance:com.first.pachet.SeleniumAnnotations@5af3afd9]" started-at="2022-10-11T15:25:13 EEST" name="test2" finished-at="2022-10-11T15:25:13 EEST" duration-ms="0" status="PASS">
          <reporter-output>
          </reporter-output>
        </test-method> <!-- test2 -->
        <test-method is-config="true" signature="beforeMethod()[pri:0, instance:com.first.pachet.SeleniumAnnotations@5af3afd9]" started-at="2022-10-11T15:25:13 EEST" name="beforeMethod" finished-at="2022-10-11T15:25:13 EEST" duration-ms="0" status="PASS">
          <reporter-output>
          </reporter-output>
        </test-method> <!-- beforeMethod -->
        <test-method is-config="true" signature="afterMethod()[pri:0, instance:com.first.pachet.SeleniumAnnotations@5af3afd9]" started-at="2022-10-11T15:25:13 EEST" name="afterMethod" finished-at="2022-10-11T15:25:13 EEST" duration-ms="1" status="PASS">
          <reporter-output>
          </reporter-output>
        </test-method> <!-- afterMethod -->
        <test-method is-config="true" signature="afterClass()[pri:0, instance:com.first.pachet.SeleniumAnnotations@5af3afd9]" started-at="2022-10-11T15:25:13 EEST" name="afterClass" finished-at="2022-10-11T15:25:13 EEST" duration-ms="1" status="PASS">
          <reporter-output>
          </reporter-output>
        </test-method> <!-- afterClass -->
        <test-method is-config="true" signature="afterTest()[pri:0, instance:com.first.pachet.SeleniumAnnotations@5af3afd9]" started-at="2022-10-11T15:25:13 EEST" name="afterTest" finished-at="2022-10-11T15:25:13 EEST" duration-ms="0" status="PASS">
          <reporter-output>
          </reporter-output>
        </test-method> <!-- afterTest -->
      </class> <!-- com.first.pachet.SeleniumAnnotations -->
    </test> <!-- Primul meu test din TestNG .xml file -->
    <test started-at="2022-10-11T15:25:13 EEST" name="Al doilea test din TestNG .xml file " finished-at="2022-10-11T15:25:13 EEST" duration-ms="0">
      <class name="com.first.pachet.SeleniumAnnotations">
        <test-method is-config="true" signature="beforeSuite()[pri:0, instance:com.first.pachet.SeleniumAnnotations@5af3afd9]" started-at="2022-10-11T15:25:13 EEST" name="beforeSuite" finished-at="2022-10-11T15:25:13 EEST" duration-ms="7" status="PASS">
          <reporter-output>
          </reporter-output>
        </test-method> <!-- beforeSuite -->
        <test-method is-config="true" signature="afterSuite()[pri:0, instance:com.first.pachet.SeleniumAnnotations@5af3afd9]" started-at="2022-10-11T15:25:13 EEST" name="afterSuite" finished-at="2022-10-11T15:25:13 EEST" duration-ms="0" status="PASS">
          <reporter-output>
          </reporter-output>
        </test-method> <!-- afterSuite -->
      </class> <!-- com.first.pachet.SeleniumAnnotations -->
    </test> <!-- Al doilea test din TestNG .xml file  -->
  </suite> <!-- Suita clasa -->
</testng-results>
